# JRE version: OpenJDK Runtime Environment (8.0_112-b06) (build 1.8.0_112-release-b06)
# Java VM: OpenJDK 64-Bit Server VM (25.112-b06 mixed mode windows-amd64 compressed oops)
Heap:
 PSYoungGen      total 70144K, used 2705K [0x00000000e0000000, 0x00000000e4b00000, 0x0000000100000000)
  eden space 63488K, 0% used [0x00000000e0000000,0x00000000e0000000,0x00000000e3e00000)
  from space 6656K, 40% used [0x00000000e3e00000,0x00000000e40a44d0,0x00000000e4480000)
  to   space 5632K, 0% used [0x00000000e4580000,0x00000000e4580000,0x00000000e4b00000)
 ParOldGen       total 26624K, used 12775K [0x00000000a0000000, 0x00000000a1a00000, 0x00000000e0000000)
  object space 26624K, 47% used [0x00000000a0000000,0x00000000a0c79f20,0x00000000a1a00000)
 Metaspace       used 31231K, capacity 31788K, committed 31872K, reserved 1081344K
  class space    used 4273K, capacity 4441K, committed 4480K, reserved 1048576K
GC Heap History (10 events):
Event: 10.521 GC heap after
Heap after GC invocations=9 (full 0):
 PSYoungGen      total 33792K, used 3499K [0x00000000e0000000, 0x00000000e3700000, 0x0000000100000000)
  eden space 28160K, 0% used [0x00000000e0000000,0x00000000e0000000,0x00000000e1b80000)
  from space 5632K, 62% used [0x00000000e1b80000,0x00000000e1eeafc0,0x00000000e2100000)
  to   space 5632K, 0% used [0x00000000e3180000,0x00000000e3180000,0x00000000e3700000)
 ParOldGen       total 38400K, used 8725K [0x00000000a0000000, 0x00000000a2580000, 0x00000000e0000000)
  object space 38400K, 22% used [0x00000000a0000000,0x00000000a08855b0,0x00000000a2580000)
 Metaspace       used 20847K, capacity 21230K, committed 21296K, reserved 1067008K
  class space    used 2791K, capacity 2944K, committed 2944K, reserved 1048576K
}
Event: 10.521 GC heap before
{Heap before GC invocations=10 (full 1):
 PSYoungGen      total 33792K, used 3499K [0x00000000e0000000, 0x00000000e3700000, 0x0000000100000000)
  eden space 28160K, 0% used [0x00000000e0000000,0x00000000e0000000,0x00000000e1b80000)
  from space 5632K, 62% used [0x00000000e1b80000,0x00000000e1eeafc0,0x00000000e2100000)
  to   space 5632K, 0% used [0x00000000e3180000,0x00000000e3180000,0x00000000e3700000)
 ParOldGen       total 38400K, used 8725K [0x00000000a0000000, 0x00000000a2580000, 0x00000000e0000000)
  object space 38400K, 22% used [0x00000000a0000000,0x00000000a08855b0,0x00000000a2580000)
 Metaspace       used 20847K, capacity 21230K, committed 21296K, reserved 1067008K
  class space    used 2791K, capacity 2944K, committed 2944K, reserved 1048576K
Event: 10.652 GC heap after
Heap after GC invocations=10 (full 1):
 PSYoungGen      total 33792K, used 0K [0x00000000e0000000, 0x00000000e3700000, 0x0000000100000000)
  eden space 28160K, 0% used [0x00000000e0000000,0x00000000e0000000,0x00000000e1b80000)
  from space 5632K, 0% used [0x00000000e1b80000,0x00000000e1b80000,0x00000000e2100000)
  to   space 5632K, 0% used [0x00000000e3180000,0x00000000e3180000,0x00000000e3700000)
 ParOldGen       total 26624K, used 7629K [0x00000000a0000000, 0x00000000a1a00000, 0x00000000e0000000)
  object space 26624K, 28% used [0x00000000a0000000,0x00000000a0773480,0x00000000a1a00000)
 Metaspace       used 20847K, capacity 21230K, committed 21296K, reserved 1067008K
  class space    used 2791K, capacity 2944K, committed 2944K, reserved 1048576K
}
Event: 12.118 GC heap before
{Heap before GC invocations=11 (full 1):
 PSYoungGen      total 33792K, used 28160K [0x00000000e0000000, 0x00000000e3700000, 0x0000000100000000)
  eden space 28160K, 100% used [0x00000000e0000000,0x00000000e1b80000,0x00000000e1b80000)
  from space 5632K, 0% used [0x00000000e1b80000,0x00000000e1b80000,0x00000000e2100000)
  to   space 5632K, 0% used [0x00000000e3180000,0x00000000e3180000,0x00000000e3700000)
 ParOldGen       total 26624K, used 7629K [0x00000000a0000000, 0x00000000a1a00000, 0x00000000e0000000)
  object space 26624K, 28% used [0x00000000a0000000,0x00000000a0773480,0x00000000a1a00000)
 Metaspace       used 23407K, capacity 23824K, committed 24064K, reserved 1071104K
  class space    used 3130K, capacity 3273K, committed 3328K, reserved 1048576K
Event: 12.127 GC heap after
Heap after GC invocations=11 (full 1):
 PSYoungGen      total 46592K, used 3240K [0x00000000e0000000, 0x00000000e3500000, 0x0000000100000000)
  eden space 43008K, 0% used [0x00000000e0000000,0x00000000e0000000,0x00000000e2a00000)
  from space 3584K, 90% used [0x00000000e3180000,0x00000000e34aa270,0x00000000e3500000)
  to   space 5632K, 0% used [0x00000000e2a00000,0x00000000e2a00000,0x00000000e2f80000)
 ParOldGen       total 26624K, used 7637K [0x00000000a0000000, 0x00000000a1a00000, 0x00000000e0000000)
  object space 26624K, 28% used [0x00000000a0000000,0x00000000a0775480,0x00000000a1a00000)
 Metaspace       used 23407K, capacity 23824K, committed 24064K, reserved 1071104K
  class space    used 3130K, capacity 3273K, committed 3328K, reserved 1048576K
}
Event: 14.527 GC heap before
{Heap before GC invocations=12 (full 1):
 PSYoungGen      total 46592K, used 46248K [0x00000000e0000000, 0x00000000e3500000, 0x0000000100000000)
  eden space 43008K, 100% used [0x00000000e0000000,0x00000000e2a00000,0x00000000e2a00000)
  from space 3584K, 90% used [0x00000000e3180000,0x00000000e34aa270,0x00000000e3500000)
  to   space 5632K, 0% used [0x00000000e2a00000,0x00000000e2a00000,0x00000000e2f80000)
 ParOldGen       total 26624K, used 7637K [0x00000000a0000000, 0x00000000a1a00000, 0x00000000e0000000)
  object space 26624K, 28% used [0x00000000a0000000,0x00000000a0775480,0x00000000a1a00000)
 Metaspace       used 26655K, capacity 27236K, committed 27520K, reserved 1073152K
  class space    used 3690K, capacity 3846K, committed 3968K, reserved 1048576K
Event: 14.541 GC heap after
Heap after GC invocations=12 (full 1):
 PSYoungGen      total 48640K, used 5619K [0x00000000e0000000, 0x00000000e4c00000, 0x0000000100000000)
  eden space 43008K, 0% used [0x00000000e0000000,0x00000000e0000000,0x00000000e2a00000)
  from space 5632K, 99% used [0x00000000e2a00000,0x00000000e2f7cc08,0x00000000e2f80000)
  to   space 6656K, 0% used [0x00000000e4580000,0x00000000e4580000,0x00000000e4c00000)
 ParOldGen       total 26624K, used 9002K [0x00000000a0000000, 0x00000000a1a00000, 0x00000000e0000000)
  object space 26624K, 33% used [0x00000000a0000000,0x00000000a08caad0,0x00000000a1a00000)
 Metaspace       used 26655K, capacity 27236K, committed 27520K, reserved 1073152K
  class space    used 3690K, capacity 3846K, committed 3968K, reserved 1048576K
}
Event: 17.773 GC heap before
{Heap before GC invocations=13 (full 1):
 PSYoungGen      total 48640K, used 48627K [0x00000000e0000000, 0x00000000e4c00000, 0x0000000100000000)
  eden space 43008K, 100% used [0x00000000e0000000,0x00000000e2a00000,0x00000000e2a00000)
  from space 5632K, 99% used [0x00000000e2a00000,0x00000000e2f7cc08,0x00000000e2f80000)
  to   space 6656K, 0% used [0x00000000e4580000,0x00000000e4580000,0x00000000e4c00000)
 ParOldGen       total 26624K, used 9002K [0x00000000a0000000, 0x00000000a1a00000, 0x00000000e0000000)
  object space 26624K, 33% used [0x00000000a0000000,0x00000000a08caad0,0x00000000a1a00000)
 Metaspace       used 29720K, capacity 30224K, committed 30464K, reserved 1075200K
  class space    used 4069K, capacity 4242K, committed 4352K, reserved 1048576K
Event: 17.789 GC heap after
Heap after GC invocations=13 (full 1):
 PSYoungGen      total 69120K, used 2961K [0x00000000e0000000, 0x00000000e4b00000, 0x0000000100000000)
  eden space 63488K, 0% used [0x00000000e0000000,0x00000000e0000000,0x00000000e3e00000)
  from space 5632K, 52% used [0x00000000e4580000,0x00000000e48647e0,0x00000000e4b00000)
  to   space 6656K, 0% used [0x00000000e3e00000,0x00000000e3e00000,0x00000000e4480000)
 ParOldGen       total 26624K, used 11663K [0x00000000a0000000, 0x00000000a1a00000, 0x00000000e0000000)
  object space 26624K, 43% used [0x00000000a0000000,0x00000000a0b63f00,0x00000000a1a00000)
 Metaspace       used 29720K, capacity 30224K, committed 30464K, reserved 1075200K
  class space    used 4069K, capacity 4242K, committed 4352K, reserved 1048576K
}
Event: 26.499 GC heap before
{Heap before GC invocations=14 (full 1):
 PSYoungGen      total 69120K, used 39932K [0x00000000e0000000, 0x00000000e4b00000, 0x0000000100000000)
  eden space 63488K, 58% used [0x00000000e0000000,0x00000000e241ab80,0x00000000e3e00000)
  from space 5632K, 52% used [0x00000000e4580000,0x00000000e48647e0,0x00000000e4b00000)
  to   space 6656K, 0% used [0x00000000e3e00000,0x00000000e3e00000,0x00000000e4480000)
 ParOldGen       total 26624K, used 11663K [0x00000000a0000000, 0x00000000a1a00000, 0x00000000e0000000)
  object space 26624K, 43% used [0x00000000a0000000,0x00000000a0b63f00,0x00000000a1a00000)
 Metaspace       used 31231K, capacity 31788K, committed 31872K, reserved 1081344K
  class space    used 4273K, capacity 4441K, committed 4480K, reserved 1048576K

